{
  "0 debug pnpm:scope": {
    "selected": 1,
    "workspacePrefix": "/Users/bianronghui/tmp/playground"
  },
  "1 info pnpm": {
    "err": {
      "name": "Error",
      "message": "not found: build",
      "code": "ENOENT",
      "stack": "Error: not found: build\n    at getNotFoundError (/Users/bianronghui/.nvm/versions/node/v16.14.0/pnpm-global/5/node_modules/.pnpm/pnpm@6.32.2/node_modules/pnpm/dist/pnpm.cjs:41585:51)\n    at Function.whichSync [as sync] (/Users/bianronghui/.nvm/versions/node/v16.14.0/pnpm-global/5/node_modules/.pnpm/pnpm@6.32.2/node_modules/pnpm/dist/pnpm.cjs:41662:13)\n    at getCommandAbsolutePathSync (/Users/bianronghui/.nvm/versions/node/v16.14.0/pnpm-global/5/node_modules/.pnpm/pnpm@6.32.2/node_modules/pnpm/dist/pnpm.cjs:43227:44)\n    at default_1 (/Users/bianronghui/.nvm/versions/node/v16.14.0/pnpm-global/5/node_modules/.pnpm/pnpm@6.32.2/node_modules/pnpm/dist/pnpm.cjs:43236:32)\n    at /Users/bianronghui/.nvm/versions/node/v16.14.0/pnpm-global/5/node_modules/.pnpm/pnpm@6.32.2/node_modules/pnpm/dist/pnpm.cjs:178156:39"
    }
  },
  "2 error pnpm": {
    "code": "ERR_PNPM_RECURSIVE_EXEC_FIRST_FAIL",
    "prefix": "/Users/bianronghui/tmp/playground",
    "err": {
      "name": "pnpm",
      "message": "not found: build",
      "code": "ERR_PNPM_RECURSIVE_EXEC_FIRST_FAIL",
      "stack": "Error: not found: build\n    at getNotFoundError (/Users/bianronghui/.nvm/versions/node/v16.14.0/pnpm-global/5/node_modules/.pnpm/pnpm@6.32.2/node_modules/pnpm/dist/pnpm.cjs:41585:51)\n    at Function.whichSync [as sync] (/Users/bianronghui/.nvm/versions/node/v16.14.0/pnpm-global/5/node_modules/.pnpm/pnpm@6.32.2/node_modules/pnpm/dist/pnpm.cjs:41662:13)\n    at getCommandAbsolutePathSync (/Users/bianronghui/.nvm/versions/node/v16.14.0/pnpm-global/5/node_modules/.pnpm/pnpm@6.32.2/node_modules/pnpm/dist/pnpm.cjs:43227:44)\n    at default_1 (/Users/bianronghui/.nvm/versions/node/v16.14.0/pnpm-global/5/node_modules/.pnpm/pnpm@6.32.2/node_modules/pnpm/dist/pnpm.cjs:43236:32)\n    at /Users/bianronghui/.nvm/versions/node/v16.14.0/pnpm-global/5/node_modules/.pnpm/pnpm@6.32.2/node_modules/pnpm/dist/pnpm.cjs:178156:39"
    }
  }
}